Log file open, 07/31/18 17:33:29
LogWindows: Failed to load 'aqProf.dll' (GetLastError=126)
LogWindows: File 'aqProf.dll' does not exist
LogWindows: Failed to load 'VtuneApi.dll' (GetLastError=126)
LogWindows: File 'VtuneApi.dll' does not exist
LogWindows: Failed to load 'VtuneApi32e.dll' (GetLastError=126)
LogWindows: File 'VtuneApi32e.dll' does not exist
LogInit: Display: Running engine for game: MyProject
LogPlatformFile: Not using cached read wrapper
LogInit: Display: RandInit(30875970) SRandInit(30875970).
LogInit: Read version file with build ID '3944462'
LogInit: Overriding engine version to CL 4033788, compatible CL 3944462
LogInit: Registered custom module enumerator with build ID '3944462'
LogTaskGraph: Started task graph with 5 named threads and 23 total threads with 3 sets of task threads.
LogStats: Stats thread started at 0.295908
LogD3D11RHI: Aftermath initialized
LogICUInternationalization: Display: ICU TimeZone Detection - Raw Offset: +1:00, Platform Override: ''
LogModuleManager: Display: Found up-to-date module file ../../../Engine/Plugins/2D/Paper2D/Binaries/Win64/UE4Editor-Paper2D.dll (API version 3944462).
LogModuleManager: Display: Found up-to-date module file ../../../Engine/Plugins/2D/Paper2D/Binaries/Win64/UE4Editor-Paper2DEditor.dll (API version 3944462).
LogModuleManager: Display: Found up-to-date module file ../../../Engine/Plugins/2D/Paper2D/Binaries/Win64/UE4Editor-PaperSpriteSheetImporter.dll (API version 3944462).
LogModuleManager: Display: Found up-to-date module file ../../../Engine/Plugins/2D/Paper2D/Binaries/Win64/UE4Editor-PaperTiledImporter.dll (API version 3944462).
LogModuleManager: Display: Found up-to-date module file ../../../Engine/Plugins/2D/Paper2D/Binaries/Win64/UE4Editor-SmartSnapping.dll (API version 3944462).
LogModuleManager: Display: Found up-to-date module file ../../../Engine/Plugins/Blendables/LightPropagationVolume/Binaries/Win64/UE4Editor-LightPropagationVolumeRuntime.dll (API version 3944462).
LogModuleManager: Display: Found up-to-date module file ../../../Engine/Plugins/Blendables/LightPropagationVolume/Binaries/Win64/UE4Editor-LightPropagationVolumeEditor.dll (API version 3944462).
LogModuleManager: Display: Found up-to-date module file ../../../Engine/Plugins/Developer/CLionSourceCodeAccess/Binaries/Win64/UE4Editor-CLionSourceCodeAccess.dll (API version 3944462).
LogModuleManager: Display: Found up-to-date module file ../../../Engine/Plugins/Developer/GitSourceControl/Binaries/Win64/UE4Editor-GitSourceControl.dll (API version 3944462).
LogModuleManager: Display: Found up-to-date module file ../../../Engine/Plugins/Developer/PerforceSourceControl/Binaries/Win64/UE4Editor-PerforceSourceControl.dll (API version 3944462).
LogModuleManager: Display: Found up-to-date module file ../../../Engine/Plugins/Developer/SubversionSourceControl/Binaries/Win64/UE4Editor-SubversionSourceControl.dll (API version 3944462).
LogModuleManager: Display: Found up-to-date module file ../../../Engine/Plugins/Developer/UObjectPlugin/Binaries/Win64/UE4Editor-UObjectPlugin.dll (API version 3944462).
LogModuleManager: Display: Found up-to-date module file ../../../Engine/Plugins/Developer/VisualStudioCodeSourceCodeAccess/Binaries/Win64/UE4Editor-VisualStudioCodeSourceCodeAccess.dll (API version 3944462).
LogModuleManager: Display: Found up-to-date module file ../../../Engine/Plugins/Developer/VisualStudioSourceCodeAccess/Binaries/Win64/UE4Editor-VisualStudioSourceCodeAccess.dll (API version 3944462).
LogModuleManager: Display: Found up-to-date module file ../../../Engine/Plugins/Editor/AssetManagerEditor/Binaries/Win64/UE4Editor-AssetManagerEditor.dll (API version 3944462).
LogModuleManager: Display: Found up-to-date module file ../../../Engine/Plugins/Editor/CryptoKeys/Binaries/Win64/UE4Editor-CryptoKeys.dll (API version 3944462).
LogModuleManager: Display: Found up-to-date module file ../../../Engine/Plugins/Editor/CryptoKeys/Binaries/Win64/UE4Editor-CryptoKeysOpenSSL.dll (API version 3944462).
LogModuleManager: Display: Found up-to-date module file ../../../Engine/Plugins/Editor/DataValidation/Binaries/Win64/UE4Editor-DataValidation.dll (API version 3944462).
LogModuleManager: Display: Found up-to-date module file ../../../Engine/Plugins/Editor/FacialAnimation/Binaries/Win64/UE4Editor-FacialAnimation.dll (API version 3944462).
LogModuleManager: Display: Found up-to-date module file ../../../Engine/Plugins/Editor/FacialAnimation/Binaries/Win64/UE4Editor-FacialAnimationEditor.dll (API version 3944462).
LogModuleManager: Display: Found up-to-date module file ../../../Engine/Plugins/Editor/GameplayTagsEditor/Binaries/Win64/UE4Editor-GameplayTagsEditor.dll (API version 3944462).
LogModuleManager: Display: Found up-to-date module file ../../../Engine/Plugins/Editor/MobileLauncherProfileWizard/Binaries/Win64/UE4Editor-MobileLauncherProfileWizard.dll (API version 3944462).
LogModuleManager: Display: Found up-to-date module file ../../../Engine/Plugins/Editor/PluginBrowser/Binaries/Win64/UE4Editor-PluginBrowser.dll (API version 3944462).
LogModuleManager: Display: Found up-to-date module file ../../../Engine/Plugins/Editor/SpeedTreeImporter/Binaries/Win64/UE4Editor-SpeedTreeImporter.dll (API version 3944462).
LogModuleManager: Display: Found up-to-date module file ../../../Engine/Plugins/Enterprise/DatasmithContent/Binaries/Win64/UE4Editor-DatasmithContent.dll (API version 3944462).
LogModuleManager: Display: Found up-to-date module file ../../../Engine/Plugins/Experimental/AlembicImporter/Binaries/Win64/UE4Editor-AlembicImporter.dll (API version 3944462).
LogModuleManager: Display: Found up-to-date module file ../../../Engine/Plugins/Experimental/AlembicImporter/Binaries/Win64/UE4Editor-AlembicLibrary.dll (API version 3944462).
LogModuleManager: Display: Found up-to-date module file ../../../Engine/Plugins/Experimental/CharacterAI/Binaries/Win64/UE4Editor-CharacterAI.dll (API version 3944462).
LogModuleManager: Display: Found up-to-date module file ../../../Engine/Plugins/Experimental/HTML5Networking/Binaries/Win64/UE4Editor-HTML5Networking.dll (API version 3944462).
LogModuleManager: Display: Found up-to-date module file ../../../Engine/Plugins/Media/AndroidMedia/Binaries/Win64/UE4Editor-AndroidMediaEditor.dll (API version 3944462).
LogModuleManager: Display: Found up-to-date module file ../../../Engine/Plugins/Media/AndroidMedia/Binaries/Win64/UE4Editor-AndroidMediaFactory.dll (API version 3944462).
LogModuleManager: Display: Found up-to-date module file ../../../Engine/Plugins/Media/AvfMedia/Binaries/Win64/UE4Editor-AvfMediaEditor.dll (API version 3944462).
LogModuleManager: Display: Found up-to-date module file ../../../Engine/Plugins/Media/AvfMedia/Binaries/Win64/UE4Editor-AvfMediaFactory.dll (API version 3944462).
LogModuleManager: Display: Found up-to-date module file ../../../Engine/Plugins/Media/AvfMedia/Binaries/Win64/UE4Editor-AvfMediaFactory.dll (API version 3944462).
LogModuleManager: Display: Found up-to-date module file ../../../Engine/Plugins/Media/ImgMedia/Binaries/Win64/UE4Editor-ImgMedia.dll (API version 3944462).
LogModuleManager: Display: Found up-to-date module file ../../../Engine/Plugins/Media/ImgMedia/Binaries/Win64/UE4Editor-ImgMediaEditor.dll (API version 3944462).
LogModuleManager: Display: Found up-to-date module file ../../../Engine/Plugins/Media/ImgMedia/Binaries/Win64/UE4Editor-ImgMediaFactory.dll (API version 3944462).
LogModuleManager: Display: Found up-to-date module file ../../../Engine/Plugins/Media/ImgMedia/Binaries/Win64/UE4Editor-ImgMediaFactory.dll (API version 3944462).
LogModuleManager: Display: Found up-to-date module file ../../../Engine/Plugins/Media/ImgMedia/Binaries/Win64/UE4Editor-OpenExrWrapper.dll (API version 3944462).
LogModuleManager: Display: Found up-to-date module file ../../../Engine/Plugins/Media/LinearTimecode/Binaries/Win64/UE4Editor-LinearTimecode.dll (API version 3944462).
LogModuleManager: Display: Found up-to-date module file ../../../Engine/Plugins/Media/MediaCompositing/Binaries/Win64/UE4Editor-MediaCompositing.dll (API version 3944462).
LogModuleManager: Display: Found up-to-date module file ../../../Engine/Plugins/Media/MediaCompositing/Binaries/Win64/UE4Editor-MediaCompositingEditor.dll (API version 3944462).
LogModuleManager: Display: Found up-to-date module file ../../../Engine/Plugins/Media/MediaPlayerEditor/Binaries/Win64/UE4Editor-MediaPlayerEditor.dll (API version 3944462).
LogModuleManager: Display: Found up-to-date module file ../../../Engine/Plugins/Media/WmfMedia/Binaries/Win64/UE4Editor-WmfMedia.dll (API version 3944462).
LogModuleManager: Display: Found up-to-date module file ../../../Engine/Plugins/Media/WmfMedia/Binaries/Win64/UE4Editor-WmfMediaEditor.dll (API version 3944462).
LogModuleManager: Display: Found up-to-date module file ../../../Engine/Plugins/Media/WmfMedia/Binaries/Win64/UE4Editor-WmfMediaFactory.dll (API version 3944462).
LogModuleManager: Display: Found up-to-date module file ../../../Engine/Plugins/Media/WmfMedia/Binaries/Win64/UE4Editor-WmfMediaFactory.dll (API version 3944462).
LogModuleManager: Display: Found up-to-date module file ../../../Engine/Plugins/Messaging/TcpMessaging/Binaries/Win64/UE4Editor-TcpMessaging.dll (API version 3944462).
LogModuleManager: Display: Found up-to-date module file ../../../Engine/Plugins/Messaging/UdpMessaging/Binaries/Win64/UE4Editor-UdpMessaging.dll (API version 3944462).
LogModuleManager: Display: Found up-to-date module file ../../../Engine/Plugins/MovieScene/ActorSequence/Binaries/Win64/UE4Editor-ActorSequence.dll (API version 3944462).
LogModuleManager: Display: Found up-to-date module file ../../../Engine/Plugins/MovieScene/LevelSequenceEditor/Binaries/Win64/UE4Editor-LevelSequenceEditor.dll (API version 3944462).
LogModuleManager: Display: Found up-to-date module file ../../../Engine/Plugins/MovieScene/MatineeToLevelSequence/Binaries/Win64/UE4Editor-MatineeToLevelSequence.dll (API version 3944462).
LogModuleManager: Display: Found up-to-date module file ../../../Engine/Plugins/NetcodeUnitTest/NetcodeUnitTest/Binaries/Win64/UE4Editor-NetcodeUnitTest.dll (API version 3944462).
LogModuleManager: Display: Found up-to-date module file ../../../Engine/Plugins/NetcodeUnitTest/NUTUnrealEngine4/Binaries/Win64/UE4Editor-NUTUnrealEngine4.dll (API version 3944462).
LogModuleManager: Display: Found up-to-date module file ../../../Engine/Plugins/Online/OnlineSubsystem/Binaries/Win64/UE4Editor-OnlineSubsystem.dll (API version 3944462).
LogModuleManager: Display: Found up-to-date module file ../../../Engine/Plugins/Runtime/AndroidPermission/Binaries/Win64/UE4Editor-AndroidPermission.dll (API version 3944462).
LogModuleManager: Display: Found up-to-date module file ../../../Engine/Plugins/Online/OnlineSubsystemNull/Binaries/Win64/UE4Editor-OnlineSubsystemNull.dll (API version 3944462).
LogModuleManager: Display: Found up-to-date module file ../../../Engine/Plugins/Online/OnlineSubsystemUtils/Binaries/Win64/UE4Editor-OnlineSubsystemUtils.dll (API version 3944462).
LogModuleManager: Display: Found up-to-date module file ../../../Engine/Plugins/Online/OnlineSubsystemUtils/Binaries/Win64/UE4Editor-OnlineBlueprintSupport.dll (API version 3944462).
LogModuleManager: Display: Found up-to-date module file ../../../Engine/Plugins/Runtime/AndroidDeviceProfileSelector/Binaries/Win64/UE4Editor-AndroidDeviceProfileSelector.dll (API version 3944462).
LogModuleManager: Display: Found up-to-date module file ../../../Engine/Plugins/Runtime/AppleARKit/Binaries/Win64/UE4Editor-AppleARKit.dll (API version 3944462).
LogModuleManager: Display: Found up-to-date module file ../../../Engine/Plugins/Runtime/ProceduralMeshComponent/Binaries/Win64/UE4Editor-ProceduralMeshComponent.dll (API version 3944462).
LogModuleManager: Display: Found up-to-date module file ../../../Engine/Plugins/Runtime/ProceduralMeshComponent/Binaries/Win64/UE4Editor-ProceduralMeshComponentEditor.dll (API version 3944462).
LogModuleManager: Display: Found up-to-date module file ../../../Engine/Plugins/Animation/LiveLink/Binaries/Win64/UE4Editor-LiveLink.dll (API version 3944462).
LogModuleManager: Display: Found up-to-date module file ../../../Engine/Plugins/Animation/LiveLink/Binaries/Win64/UE4Editor-LiveLinkEditor.dll (API version 3944462).
LogModuleManager: Display: Found up-to-date module file ../../../Engine/Plugins/Runtime/ArchVisCharacter/Binaries/Win64/UE4Editor-ArchVisCharacter.dll (API version 3944462).
LogModuleManager: Display: Found up-to-date module file ../../../Engine/Plugins/Runtime/AudioCapture/Binaries/Win64/UE4Editor-AudioCapture.dll (API version 3944462).
LogModuleManager: Display: Found up-to-date module file ../../../Engine/Plugins/Runtime/AudioCapture/Binaries/Win64/UE4Editor-AudioCaptureEditor.dll (API version 3944462).
LogModuleManager: Display: Found up-to-date module file ../../../Engine/Plugins/Runtime/CableComponent/Binaries/Win64/UE4Editor-CableComponent.dll (API version 3944462).
LogModuleManager: Display: Found up-to-date module file ../../../Engine/Plugins/Runtime/CustomMeshComponent/Binaries/Win64/UE4Editor-CustomMeshComponent.dll (API version 3944462).
LogModuleManager: Display: Found up-to-date module file ../../../Engine/Plugins/Runtime/ExampleDeviceProfileSelector/Binaries/Win64/UE4Editor-ExampleDeviceProfileSelector.dll (API version 3944462).
LogModuleManager: Display: Found up-to-date module file ../../../Engine/Plugins/Runtime/ImmediatePhysics/Binaries/Win64/UE4Editor-ImmediatePhysics.dll (API version 3944462).
LogModuleManager: Display: Found up-to-date module file ../../../Engine/Plugins/Runtime/ImmediatePhysics/Binaries/Win64/UE4Editor-ImmediatePhysicsEditor.dll (API version 3944462).
LogModuleManager: Display: Found up-to-date module file ../../../Engine/Plugins/Runtime/LocationServicesBPLibrary/Binaries/Win64/UE4Editor-LocationServicesBPLibrary.dll (API version 3944462).
LogModuleManager: Display: Found up-to-date module file ../../../Engine/Plugins/Runtime/MobilePatchingUtils/Binaries/Win64/UE4Editor-MobilePatchingUtils.dll (API version 3944462).
LogModuleManager: Display: Found up-to-date module file ../../../Engine/Plugins/Runtime/Oculus/OculusVR/Binaries/Win64/UE4Editor-OculusHMD.dll (API version 3944462).
LogModuleManager: Display: Found up-to-date module file ../../../Engine/Plugins/Runtime/Oculus/OculusVR/Binaries/Win64/UE4Editor-OculusInput.dll (API version 3944462).
LogModuleManager: Display: Found up-to-date module file ../../../Engine/Plugins/Runtime/Oculus/OculusVR/Binaries/Win64/UE4Editor-OculusEditor.dll (API version 3944462).
LogModuleManager: Display: Found up-to-date module file ../../../Engine/Plugins/Runtime/PhysXVehicles/Binaries/Win64/UE4Editor-PhysXVehicles.dll (API version 3944462).
LogModuleManager: Display: Found up-to-date module file ../../../Engine/Plugins/Runtime/PhysXVehicles/Binaries/Win64/UE4Editor-PhysXVehiclesEditor.dll (API version 3944462).
LogModuleManager: Display: Found up-to-date module file ../../../Engine/Plugins/Runtime/RuntimePhysXCooking/Binaries/Win64/UE4Editor-RuntimePhysXCooking.dll (API version 3944462).
LogModuleManager: Display: Found up-to-date module file ../../../Engine/Plugins/Runtime/Steam/SteamVR/Binaries/Win64/UE4Editor-SteamVR.dll (API version 3944462).
LogModuleManager: Display: Found up-to-date module file ../../../Engine/Plugins/Runtime/Steam/SteamVR/Binaries/Win64/UE4Editor-SteamVRController.dll (API version 3944462).
LogModuleManager: Display: Found up-to-date module file ../../../Engine/Plugins/Runtime/WindowsMoviePlayer/Binaries/Win64/UE4Editor-WindowsMoviePlayer.dll (API version 3944462).
LogPluginManager: Mounting plugin Paper2D
LogPluginManager: Mounting plugin LiveLink
LogPluginManager: Mounting plugin LightPropagationVolume
LogPluginManager: Mounting plugin CLionSourceCodeAccess
LogPluginManager: Mounting plugin CodeLiteSourceCodeAccess
LogPluginManager: Mounting plugin GitSourceControl
LogPluginManager: Mounting plugin KDevelopSourceCodeAccess
LogPluginManager: Mounting plugin NullSourceCodeAccess
LogPluginManager: Mounting plugin PerforceSourceControl
LogPluginManager: Mounting plugin SubversionSourceControl
LogPluginManager: Mounting plugin UObjectPlugin
LogPluginManager: Mounting plugin VisualStudioCodeSourceCodeAccess
LogPluginManager: Mounting plugin VisualStudioSourceCodeAccess
LogPluginManager: Mounting plugin XCodeSourceCodeAccess
LogPluginManager: Mounting plugin AssetManagerEditor
LogPluginManager: Mounting plugin CryptoKeys
LogPluginManager: Mounting plugin DataValidation
LogPluginManager: Mounting plugin FacialAnimation
LogPluginManager: Mounting plugin GameplayTagsEditor
LogPluginManager: Mounting plugin MobileLauncherProfileWizard
LogPluginManager: Mounting plugin PluginBrowser
LogPluginManager: Mounting plugin SpeedTreeImporter
LogPluginManager: Mounting plugin DatasmithContent
LogPluginManager: Mounting plugin AlembicImporter
LogPluginManager: Mounting plugin CharacterAI
LogPluginManager: Mounting plugin HTML5Networking
LogPluginManager: Mounting plugin AndroidMedia
LogPluginManager: Mounting plugin AvfMedia
LogPluginManager: Mounting plugin ImgMedia
LogPluginManager: Mounting plugin LinearTimecode
LogPluginManager: Mounting plugin MediaCompositing
LogPluginManager: Mounting plugin MediaPlayerEditor
LogPluginManager: Mounting plugin WmfMedia
LogPluginManager: Mounting plugin TcpMessaging
LogPluginManager: Mounting plugin UdpMessaging
LogPluginManager: Mounting plugin ActorSequence
LogPluginManager: Mounting plugin LevelSequenceEditor
LogPluginManager: Mounting plugin MatineeToLevelSequence
LogPluginManager: Mounting plugin NetcodeUnitTest
LogPluginManager: Mounting plugin NUTUnrealEngine4
LogPluginManager: Mounting plugin OnlineSubsystemGooglePlay
LogPluginManager: Mounting plugin OnlineSubsystemIOS
LogPluginManager: Mounting plugin OnlineSubsystem
LogPluginManager: Mounting plugin OnlineSubsystemNull
LogPluginManager: Mounting plugin OnlineSubsystemUtils
LogPluginManager: Mounting plugin AndroidDeviceProfileSelector
LogPluginManager: Mounting plugin AndroidMoviePlayer
LogPluginManager: Mounting plugin AndroidPermission
LogPluginManager: Mounting plugin AppleARKit
LogPluginManager: Mounting plugin AppleMoviePlayer
LogPluginManager: Mounting plugin ArchVisCharacter
LogPluginManager: Mounting plugin AudioCapture
LogPluginManager: Mounting plugin CableComponent
LogPluginManager: Mounting plugin CustomMeshComponent
LogPluginManager: Mounting plugin ExampleDeviceProfileSelector
LogPluginManager: Mounting plugin GoogleCloudMessaging
LogPluginManager: Mounting plugin ImmediatePhysics
LogPluginManager: Mounting plugin IOSDeviceProfileSelector
LogPluginManager: Mounting plugin LinuxDeviceProfileSelector
LogPluginManager: Mounting plugin LocationServicesBPLibrary
LogPluginManager: Mounting plugin MobilePatchingUtils
LogPluginManager: Mounting plugin OculusVR
LogPluginManager: Plugin shader directory ../../../Engine/Plugins/Runtime/Oculus/OculusVR/Shaders found
LogPluginManager: Mapping shader source directory ../../../Engine/Plugins/Runtime/Oculus/OculusVR/Shaders to virtual directory /Plugin/OculusVR
LogPluginManager: Mounting plugin PhysXVehicles
LogPluginManager: Mounting plugin ProceduralMeshComponent
LogPluginManager: Mounting plugin RuntimePhysXCooking
LogPluginManager: Mounting plugin SteamVR
LogPluginManager: Mounting plugin WindowsMoviePlayer
LogStreaming: Display: Took  1.381s to configure plugins.
LogInit: Using libcurl 7.47.1
LogInit:  - built for x86_64-pc-win32
LogInit:  - supports SSL with OpenSSL/1.0.2g
LogInit:  - supports HTTP deflate (compression) using libz 1.2.8
LogInit:  - other features:
LogInit:      CURL_VERSION_SSL
LogInit:      CURL_VERSION_LIBZ
LogInit:      CURL_VERSION_IPV6
LogInit:      CURL_VERSION_ASYNCHDNS
LogInit:      CURL_VERSION_LARGEFILE
LogInit:      CURL_VERSION_IDN
LogInit:  CurlRequestOptions (configurable via config and command line):
LogInit:  - bVerifyPeer = false  - Libcurl will NOT verify peer certificate
LogInit:  - bUseHttpProxy = false  - Libcurl will NOT use HTTP proxy
LogInit:  - bDontReuseConnections = false  - Libcurl will reuse connections
LogInit:  - CertBundlePath = nullptr  - Libcurl will use whatever was configured at build time.
LogInit:  - MaxHostConnections = 16  - Libcurl will limit the number of connections to a host
LogInit:  - LocalHostAddr = Default
LogInit: WinSock: version 1.1 (2.2), MaxSocks=32767, MaxUdp=65467
LogInit: WinSock: I am MSI (10.2.5.105:0)
LogInit: Build: ++UE4+Release-4.19-CL-4033788
LogInit: Engine Version: 4.19.2-4033788+++UE4+Release-4.19
LogInit: Compatible Engine Version: 4.19.0-3944462+++UE4+Release-4.19
LogInit: Net CL: 3944462
LogDevObjectVersion: Number of dev versions registered: 18
LogDevObjectVersion:   Dev-Blueprints (B0D832E4-1F89-4F0D-ACCF-7EB736FD4AA2): 10
LogDevObjectVersion:   Dev-Build (E1C64328-A22C-4D53-A36C-8E866417BD8C): 0
LogDevObjectVersion:   Dev-Core (375EC13C-06E4-48FB-B500-84F0262A717E): 2
LogDevObjectVersion:   Dev-Editor (E4B068ED-F494-42E9-A231-DA0B2E46BB41): 23
LogDevObjectVersion:   Dev-Framework (CFFC743F-43B0-4480-9391-14DF171D2073): 33
LogDevObjectVersion:   Dev-Mobile (B02B49B5-BB20-44E9-A304-32B752E40360): 2
LogDevObjectVersion:   Dev-Networking (A4E4105C-59A1-49B5-A7C5-40C4547EDFEE): 0
LogDevObjectVersion:   Dev-Online (39C831C9-5AE6-47DC-9A44-9C173E1C8E7C): 0
LogDevObjectVersion:   Dev-Physics (78F01B33-EBEA-4F98-B9B4-84EACCB95AA2): 0
LogDevObjectVersion:   Dev-Platform (6631380F-2D4D-43E0-8009-CF276956A95A): 0
LogDevObjectVersion:   Dev-Rendering (12F88B9F-8875-4AFC-A67C-D90C383ABD29): 25
LogDevObjectVersion:   Dev-Sequencer (7B5AE74C-D270-4C10-A958-57980B212A5A): 6
LogDevObjectVersion:   Dev-VR (D7296918-1DD6-4BDD-9DE2-64A83CC13884): 1
LogDevObjectVersion:   Dev-LoadTimes (C2A15278-BFE7-4AFE-6C17-90FF531DF755): 1
LogDevObjectVersion:   Private-Geometry (6EACA3D4-40EC-4CC1-B786-8BED09428FC5): 2
LogDevObjectVersion:   Dev-AnimPhys (29E575DD-E0A3-4627-9D10-D276232CDCEA): 16
LogDevObjectVersion:   Dev-ReflectionCapture (6B266CEC-1EC7-4B8F-A30B-E4D90942FC07): 1
LogDevObjectVersion:   Dev-Automation (0DF73D61-A23F-47EA-B727-89E90C41499A): 1
LogInit: Compiled (64-bit): Apr 27 2018 02:06:57
LogInit: Compiled with Visual C++: 19.00.24215.01
LogInit: Build Configuration: Development
LogInit: Branch Name: ++UE4+Release-4.19
LogInit: Command Line: -EpicPortal 
LogInit: Base Directory: D:/Programme/UnrealEngine/Engine/UE_4.19/Engine/Binaries/Win64/
LogInit: Installed Engine Build: 1
LogStreaming: Display: Took  0.000s to delete old logs.
LogInit: Presizing for max 8388607 objects, including 0 objects not considered by GC, pre-allocating 0 bytes for permanent pool.
LogInit: Object subsystem initialized
[2018.07.31-15.33.31:008][  0]LogInit: Selected Device Profile: [Windows]
[2018.07.31-15.33.31:008][  0]LogInit: Applying CVar settings loaded from the selected device profile: [Windows]
[2018.07.31-15.33.31:020][  0]LogInit: Computer: MSI
[2018.07.31-15.33.31:020][  0]LogInit: User: Elias
[2018.07.31-15.33.31:020][  0]LogInit: CPU Page size=4096, Cores=4
[2018.07.31-15.33.31:020][  0]LogInit: High frequency timer resolution =2.742188 MHz
[2018.07.31-15.33.31:020][  0]LogMemory: Memory total: Physical=15.9GB (16GB approx)
[2018.07.31-15.33.31:020][  0]LogMemory: Platform Memory Stats for Windows
[2018.07.31-15.33.31:020][  0]LogMemory: Process Physical Memory: 274.57 MB used, 274.57 MB peak
[2018.07.31-15.33.31:020][  0]LogMemory: Process Virtual Memory: 265.88 MB used, 265.88 MB peak
[2018.07.31-15.33.31:020][  0]LogMemory: Physical Memory: 9186.33 MB used,  7117.51 MB free, 16303.84 MB total
[2018.07.31-15.33.31:020][  0]LogMemory: Virtual Memory: 4781.26 MB used,  7117.51 MB free, 134217728.00 MB total
[2018.07.31-15.33.31:710][  0]LogInit: Using OS detected language (de-DE).
[2018.07.31-15.33.31:710][  0]LogInit: Using OS detected locale (de-DE).
[2018.07.31-15.33.31:712][  0]LogTextLocalizationManager: No localization for 'de-DE' exists, so 'en' will be used for the language.
[2018.07.31-15.33.32:282][  0]LogStreaming: Display: Took  0.573s to EndInitTextLocalization.
[2018.07.31-15.33.32:321][  0]LogSlate: New Slate User Created.  User Index 0, Is Virtual User: 0
[2018.07.31-15.33.32:321][  0]LogSlate: Slate User Registered.  User Index 0, Is Virtual User: 0
[2018.07.31-15.33.32:603][  0]LogD3D11RHI: D3D11 adapters:
[2018.07.31-15.33.32:683][  0]LogD3D11RHI:    0. 'NVIDIA GeForce GTX 1050 Ti' (Feature Level 11_0)
[2018.07.31-15.33.32:683][  0]LogD3D11RHI:       4021/0/8151 MB DedicatedVideo/DedicatedSystem/SharedSystem, Outputs:1, VendorId:0x10de
[2018.07.31-15.33.32:696][  0]LogD3D11RHI:    1. 'Intel(R) HD Graphics 630' (Feature Level 11_0)
[2018.07.31-15.33.32:696][  0]LogD3D11RHI:       128/0/8151 MB DedicatedVideo/DedicatedSystem/SharedSystem, Outputs:0, VendorId:0x8086
[2018.07.31-15.33.32:698][  0]LogD3D11RHI:    2. 'Microsoft Basic Render Driver' (Feature Level 11_0)
[2018.07.31-15.33.32:698][  0]LogD3D11RHI:       0/0/8151 MB DedicatedVideo/DedicatedSystem/SharedSystem, Outputs:0, VendorId:0x1414
[2018.07.31-15.33.32:698][  0]LogD3D11RHI: Chosen D3D11 Adapter: 0
[2018.07.31-15.33.32:716][  0]LogD3D11RHI: Creating new Direct3DDevice
[2018.07.31-15.33.32:716][  0]LogD3D11RHI:     GPU DeviceId: 0x1c8c (for the marketing name, search the web for "GPU Device Id")
[2018.07.31-15.33.32:716][  0]LogWindows: EnumDisplayDevices:
[2018.07.31-15.33.32:717][  0]LogWindows:    0. 'Intel(R) HD Graphics 630' (P:1 D:1)
[2018.07.31-15.33.32:717][  0]LogWindows:    1. 'Intel(R) HD Graphics 630' (P:0 D:0)
[2018.07.31-15.33.32:717][  0]LogWindows:    2. 'Intel(R) HD Graphics 630' (P:0 D:0)
[2018.07.31-15.33.32:717][  0]LogWindows: DebugString: GetVideoDriverDetailsInvalid PrimaryIsNotTheChoosenAdapter GetVideoDriverDetailsInvalid PrimaryIsNotTheChoosenAdapter GetVideoDriverDetailsInvalid PrimaryIsNotTheChoosenAdapter FoundDriverCount:0 
[2018.07.31-15.33.32:717][  0]LogD3D11RHI:     Adapter Name: NVIDIA GeForce GTX 1050 Ti
[2018.07.31-15.33.32:718][  0]LogD3D11RHI:   Driver Version: Unknown (internal:Unknown, unified:Unknown)
[2018.07.31-15.33.32:718][  0]LogD3D11RHI:      Driver Date: Unknown
[2018.07.31-15.33.32:718][  0]LogRHI: Texture pool is 2814 MB (70% of 4021 MB)
[2018.07.31-15.33.32:769][  0]LogD3D11RHI: [Aftermath] Aftermath enabled and primed
[2018.07.31-15.33.32:769][  0]LogD3D11RHI: [Aftermath] Aftermath enabled and primed
[2018.07.31-15.33.32:769][  0]LogD3D11RHI: Async texture creation enabled
[2018.07.31-15.33.32:787][  0]LogD3D11RHI: GPU Timing Frequency: 1000.000000 (Debug: 2 2)
[2018.07.31-15.33.32:788][  0]LogShaderCompilers: Guid format shader working directory is -22 characters bigger than the processId version (../../../../../../../SAE/ANM5100/MYGit_Testproject/Unreal/MyProject/Intermediate/Shaders/WorkingDirectory/17564/).
[2018.07.31-15.33.32:788][  0]LogShaderCompilers: Cleaned the shader compiler working directory 'C:/Users/Elias/AppData/Local/Temp/UnrealShaderWorkingDir/335DD647496E1387C3D9F8A2EA52B5EF/'.
[2018.07.31-15.33.33:110][  0]LogTemp: Display: Loaded TP AllDesktopTargetPlatform
[2018.07.31-15.33.33:123][  0]LogTemp: Display: Loaded TP MacClientTargetPlatform
[2018.07.31-15.33.33:136][  0]LogTemp: Display: Loaded TP MacNoEditorTargetPlatform
[2018.07.31-15.33.33:148][  0]LogTemp: Display: Loaded TP MacServerTargetPlatform
[2018.07.31-15.33.33:171][  0]LogTemp: Display: Loaded TP MacTargetPlatform
[2018.07.31-15.33.33:187][  0]LogTemp: Display: Loaded TP WindowsClientTargetPlatform
[2018.07.31-15.33.33:199][  0]LogTemp: Display: Loaded TP WindowsNoEditorTargetPlatform
[2018.07.31-15.33.33:213][  0]LogTemp: Display: Loaded TP WindowsServerTargetPlatform
[2018.07.31-15.33.33:219][  0]LogTemp: Display: Loaded TP WindowsTargetPlatform
[2018.07.31-15.33.33:240][  0]LogTemp: Display: Loaded TP Android_ASTCTargetPlatform
[2018.07.31-15.33.33:251][  0]LogTemp: Display: Loaded TP Android_ATCTargetPlatform
[2018.07.31-15.33.33:265][  0]LogTemp: Display: Loaded TP Android_DXTTargetPlatform
[2018.07.31-15.33.33:276][  0]LogTemp: Display: Loaded TP Android_ETC1aTargetPlatform
[2018.07.31-15.33.33:289][  0]LogTemp: Display: Loaded TP Android_ETC1TargetPlatform
[2018.07.31-15.33.33:311][  0]LogTemp: Display: Loaded TP Android_ETC2TargetPlatform
[2018.07.31-15.33.33:337][  0]LogTemp: Display: Loaded TP Android_MultiTargetPlatform
[2018.07.31-15.33.33:337][  0]LogTemp: Display: Loaded TP Android_PVRTCTargetPlatform
[2018.07.31-15.33.33:348][  0]LogTemp: Display: Loaded TP AndroidTargetPlatform
[2018.07.31-15.33.33:349][  0]LogTemp: Display: Loaded TP HTML5TargetPlatform
[2018.07.31-15.33.33:389][  0]LogTemp: Display: Loaded TP IOSTargetPlatform
[2018.07.31-15.33.33:400][  0]LogTemp: Display: Loaded TP TVOSTargetPlatform
[2018.07.31-15.33.33:412][  0]LogTemp: Display: Loaded TP LinuxClientTargetPlatform
[2018.07.31-15.33.33:424][  0]LogTemp: Display: Loaded TP LinuxNoEditorTargetPlatform
[2018.07.31-15.33.33:436][  0]LogTemp: Display: Loaded TP LinuxServerTargetPlatform
[2018.07.31-15.33.33:460][  0]LogTemp: Display: Loaded TP LinuxTargetPlatform
[2018.07.31-15.33.33:460][  0]LogTargetPlatformManager: Display: Building Assets For Windows
[2018.07.31-15.33.33:577][  0]LogXGEController: Cannot use XGE Controller as Incredibuild is not installed on this machine.
[2018.07.31-15.33.33:577][  0]LogShaderCompilers: Cannot use XGE Shader Compiler as Incredibuild is not installed on this machine.
[2018.07.31-15.33.33:577][  0]LogShaderCompilers: Display: Using Local Shader Compiler.
[2018.07.31-15.33.34:496][  0]LogDerivedDataCache: Display: Max Cache Size: 512 MB
[2018.07.31-15.33.34:617][  0]LogDerivedDataCache: Loaded boot cache 0.12s 74MB C:/Users/Elias/AppData/Local/UnrealEngine/4.19/DerivedDataCache/Boot.ddc.
[2018.07.31-15.33.34:617][  0]LogDerivedDataCache: Display: Loaded Boot cache: C:/Users/Elias/AppData/Local/UnrealEngine/4.19/DerivedDataCache/Boot.ddc
[2018.07.31-15.33.34:618][  0]LogDerivedDataCache: FDerivedDataBackendGraph:  Pak pak cache file ../../../../../../../SAE/ANM5100/MYGit_Testproject/Unreal/MyProject/DerivedDataCache/DDC.ddp not found, will not use a pak cache.
[2018.07.31-15.33.34:618][  0]LogDerivedDataCache: Unable to find inner node Pak for hierarchical cache Hierarchy.
[2018.07.31-15.33.34:618][  0]LogDerivedDataCache: FDerivedDataBackendGraph:  CompressedPak pak cache file ../../../../../../../SAE/ANM5100/MYGit_Testproject/Unreal/MyProject/DerivedDataCache/Compressed.ddp not found, will not use a pak cache.
[2018.07.31-15.33.34:618][  0]LogDerivedDataCache: Unable to find inner node CompressedPak for hierarchical cache Hierarchy.
[2018.07.31-15.33.34:637][  0]LogDerivedDataCache: Display: Pak cache opened for reading ../../../Engine/DerivedDataCache/Compressed.ddp.
[2018.07.31-15.33.34:649][  0]LogDerivedDataCache: Using Local data cache path C:/Users/Elias/AppData/Local/UnrealEngine/Common/DerivedDataCache: Writable
[2018.07.31-15.33.34:649][  0]LogDerivedDataCache: Shared data cache path not found in *engine.ini, will not use an Shared cache.
[2018.07.31-15.33.34:649][  0]LogDerivedDataCache: Unable to find inner node Shared for hierarchical cache Hierarchy.
[2018.07.31-15.33.34:672][  0]LogMaterial: Verifying Global Shaders for PCD3D_SM5
[2018.07.31-15.33.34:672][  0]LogSlate: Using Freetype 2.6.0
[2018.07.31-15.33.34:673][  0]LogSlate: SlateFontCache - WITH_FREETYPE: 1, WITH_HARFBUZZ: 1
[2018.07.31-15.33.34:673][  0]LogSlate: SlateFontCache - WITH_FREETYPE: 1, WITH_HARFBUZZ: 1
[2018.07.31-15.33.34:812][  0]LogAssetRegistry: FAssetRegistry took 0.0294 seconds to start up
[2018.07.31-15.33.35:263][  0]LogInit: Selected Device Profile: [Windows]
[2018.07.31-15.33.35:465][  0]LogSimplygon: Simplygon DLL not present - disabling.
[2018.07.31-15.33.35:469][  0]LogMeshReduction: Using SimplygonSwarm for distributed automatic mesh merging
[2018.07.31-15.33.35:469][  0]LogMeshReduction: Using QuadricMeshReduction for automatic static mesh reduction
[2018.07.31-15.33.35:469][  0]LogMeshReduction: No automatic skeletal mesh reduction module available
[2018.07.31-15.33.35:469][  0]LogMeshReduction: No automatic mesh merging module available
[2018.07.31-15.33.35:469][  0]LogMeshMerging: No automatic mesh merging module available
[2018.07.31-15.33.35:498][  0]LogNetVersion: MyProject , NetCL: 3944462, EngineNetVer: 2, GameNetVer: 0 (Checksum: 2475486345)
[2018.07.31-15.33.36:122][  0]LogPackageLocalizationCache: Processed 9 localized package path(s) for 1 prioritized culture(s) in 0.079722 seconds
[2018.07.31-15.33.36:140][  0]LogUObjectArray: 36728 objects as part of root set at end of initial load.
[2018.07.31-15.33.36:140][  0]LogUObjectAllocator: 7314312 out of 0 bytes used by permanent object pool.
[2018.07.31-15.33.36:140][  0]LogUObjectArray: CloseDisregardForGC: 0/0 objects in disregard for GC pool
[2018.07.31-15.33.38:257][  0]LogTcpMessaging: Initializing TcpMessaging bridge
[2018.07.31-15.33.38:308][  0]LogUdpMessaging: Initializing bridge on interface 0.0.0.0:0 to multicast group 230.0.0.1:6666.
[2018.07.31-15.33.38:717][  0]SourceControl: Source control is disabled
[2018.07.31-15.33.38:717][  0]SourceControl: Source control is disabled
[2018.07.31-15.33.38:732][  0]SourceControl: Source control is disabled
[2018.07.31-15.33.38:750][  0]SourceControl: Source control is disabled
[2018.07.31-15.33.39:308][  0]LogAndroidPermission: UAndroidPermissionCallbackProxy::GetInstance
[2018.07.31-15.33.39:536][  0]LogOcInput: OculusInput pre-init called
[2018.07.31-15.33.39:672][  0]LogEngine: Initializing Engine...
[2018.07.31-15.33.39:673][  0]LogHMD: Failed to initialize OpenVR with code 110
[2018.07.31-15.33.39:675][  0]LogStats: UGameplayTagsManager::ConstructGameplayTagTree: Construct from data asset -  0.000 s
[2018.07.31-15.33.39:675][  0]LogStats: UGameplayTagsManager::ConstructGameplayTagTree: GameplayTagTreeChangedEvent.Broadcast -  0.000 s
[2018.07.31-15.33.39:991][  0]LogAIModule: Creating AISystem for world Untitled
[2018.07.31-15.33.40:023][  0]LogInit: XAudio2 using 'Speakers (Realtek High Definition Audio)' : 6 channels at 48 kHz using 32 bits per sample (channel mask 0x3f)
[2018.07.31-15.33.40:140][  0]LogInit: FAudioDevice initialized.
[2018.07.31-15.33.40:273][  0]LogDerivedDataCache: Saved boot cache 0.13s 74MB C:/Users/Elias/AppData/Local/UnrealEngine/4.19/DerivedDataCache/Boot.ddc.
[2018.07.31-15.33.40:294][  0]LogInit: Texture streaming: Enabled
[2018.07.31-15.33.40:307][  0]LogEngineSessionManager: EngineSessionManager initialized
[2018.07.31-15.33.40:322][  0]LogInit: Transaction tracking system initialized
[2018.07.31-15.33.40:356][  0]BlueprintLog: New page: Editor Load
[2018.07.31-15.33.40:492][  0]LocalizationService: Localization service is disabled
[2018.07.31-15.33.40:604][  0]LogConsoleResponse: Display: 
[2018.07.31-15.33.40:921][  0]LogFileCache: Scanning file cache for directory 'D:/SAE/ANM5100/MYGit_Testproject/Unreal/MyProject/Content/' took 0.01s
[2018.07.31-15.33.40:921][  0]LogCook: Display: Max memory allowance for cook 16384mb min free memory 0mb
[2018.07.31-15.33.40:921][  0]LogCook: Display: Mobile HDR setting 1
[2018.07.31-15.33.40:921][  0]LogGameplayTags: Display: UGameplayTagsManager::DoneAddingNativeTags. DelegateIsBound: 0
[2018.07.31-15.33.40:921][  0]LogStats: UGameplayTagsManager::ConstructGameplayTagTree: Construct from data asset -  0.000 s
[2018.07.31-15.33.40:921][  0]LogStats: UGameplayTagsManager::ConstructGameplayTagTree: GameplayTagTreeChangedEvent.Broadcast -  0.000 s
[2018.07.31-15.33.41:337][  0]SourceControl: Source control is disabled
[2018.07.31-15.33.41:337][  0]Cmd: MAP LOAD FILE="../../../Engine/Content/Maps/Templates/Template_Default.umap" TEMPLATE=1 SHOWPROGRESS=1 FEATURELEVEL=3
[2018.07.31-15.33.41:338][  0]LightingResults: New page: Lighting Build
[2018.07.31-15.33.41:340][  0]MapCheck: New page: Map Check
[2018.07.31-15.33.41:340][  0]LightingResults: New page: Lighting Build
[2018.07.31-15.33.41:584][  0]LogAIModule: Creating AISystem for world Untitled_1
[2018.07.31-15.33.41:590][  0]LogEditorServer: Finished looking for orphan Actors (0.000 secs)
[2018.07.31-15.33.41:609][  0]Cmd: MAP CHECKDEP NOCLEARLOG
[2018.07.31-15.33.41:675][  0]MapCheck: Map check complete: 0 Error(s), 0 Warning(s), took 65,293ms to complete.
[2018.07.31-15.33.41:675][  0]LogFileHelpers: Loading map 'Template_Default' took 0.338
[2018.07.31-15.33.43:028][  0]LogCollectionManager: Loaded 0 collections in 0.003569 seconds
[2018.07.31-15.33.43:350][  0]LogFileCache: Scanning file cache for directory 'D:/SAE/ANM5100/MYGit_Testproject/Unreal/MyProject/Saved/Collections/' took 0.01s
[2018.07.31-15.33.43:350][  0]LogFileCache: Scanning file cache for directory 'D:/SAE/ANM5100/MYGit_Testproject/Unreal/MyProject/Content/Developers/Elias/Collections/' took 0.01s
[2018.07.31-15.33.43:350][  0]LogFileCache: Scanning file cache for directory 'D:/SAE/ANM5100/MYGit_Testproject/Unreal/MyProject/Content/Collections/' took 0.01s
[2018.07.31-15.33.43:350][  0]LogCollectionManager: Rebuilt the GUID cache for 0 collections in 0.000001 seconds
[2018.07.31-15.33.43:365][  0]LogContentBrowser: Native class hierarchy populated in 0.0134 seconds. Added 2452 classes and 558 folders.
[2018.07.31-15.33.43:500][  0]LogContentBrowser: Native class hierarchy updated for 'WidgetCarousel' in 0.0003 seconds. Added 0 classes and 0 folders.
[2018.07.31-15.33.46:883][  0]LogContentBrowser: Native class hierarchy updated for 'AddContentDialog' in 0.0003 seconds. Added 0 classes and 0 folders.
[2018.07.31-15.33.47:024][  0]LogContentBrowser: Native class hierarchy updated for 'SceneOutliner' in 0.0002 seconds. Added 1 classes and 2 folders.
[2018.07.31-15.33.47:857][  0]LogSlate: Took 0.000400 seconds to synchronously load lazily loaded font '../../../Engine/Content/Slate/Fonts/Roboto-Regular.ttf' (155K)
[2018.07.31-15.33.47:860][  0]LogSlate: Took 0.000416 seconds to synchronously load lazily loaded font '../../../Engine/Content/Slate/Fonts/Roboto-Bold.ttf' (160K)
[2018.07.31-15.33.47:930][  0]LogSlate: Took 0.021771 seconds to synchronously load lazily loaded font '../../../Engine/Content/Editor/Slate/Fonts/FontAwesome.ttf' (139K)
[2018.07.31-15.33.48:440][  0]LogRenderer: Reallocating scene render targets to support 864x412 Format 10 NumSamples 1 (Frame:1).
[2018.07.31-15.33.49:233][  0]LogContentBrowser: Native class hierarchy updated for 'HierarchicalLODOutliner' in 0.0002 seconds. Added 0 classes and 0 folders.
[2018.07.31-15.33.49:233][  0]LogLoad: (Engine Initialization) Total time: 21.84 seconds
[2018.07.31-15.33.49:233][  0]LogLoad: (Engine Initialization) Total Blueprint compile time: 0.00 seconds
[2018.07.31-15.33.49:601][  0]LogContentStreaming: Texture pool size now 1000 MB
[2018.07.31-15.33.50:244][  2]LogAssetRegistry: Asset discovery search completed in 15.4547 seconds
[2018.07.31-15.33.50:245][  2]LogCollectionManager: Rebuilt the object cache for 0 collections in 0.000001 seconds (found 0 objects)
[2018.07.31-15.33.50:245][  2]LogCollectionManager: Fixed up redirectors for 0 collections in 0.000050 seconds (updated 0 objects)
[2018.07.31-15.33.54:900][ 16]LogSlate: FSceneViewport::OnFocusLost() reason 0
[2018.07.31-15.34.15:410][211]LogSlate: Took 0.000244 seconds to synchronously load lazily loaded font '../../../Engine/Content/Slate/Fonts/Roboto-Light.ttf' (167K)
[2018.07.31-15.34.17:632][334]LogSlate: Took 0.000249 seconds to synchronously load lazily loaded font '../../../Engine/Content/Slate/Fonts/Roboto-Light.ttf' (167K)
[2018.07.31-15.34.19:809][334]LogSlate: Window 'Pick Parent Class' being destroyed
[2018.07.31-15.34.23:648][536]LogUObjectGlobals: Created PersistentFrame Addr=0x00000225f272b6a0, Size=88, Default__Landscape_Painting_Mode_C Function /Engine/Tutorial/Landscape/Landscape_Painting_Mode.Landscape_Painting_Mode_C:ExecuteUbergraph_Landscape_Painting_Mode
[2018.07.31-15.34.23:651][536]LogUObjectGlobals: Destroyed PersistentFrame Addr=0x00000225f272b6a0, Size=88
[2018.07.31-15.34.23:651][536]LogUObjectGlobals: Created PersistentFrame Addr=0x00000225f272b6a0, Size=88, Default__Landscape_Painting_Mode_C Function /Engine/Transient.REINST_Landscape_Painting_Mode_C_9:ExecuteUbergraph_Landscape_Painting_Mode
[2018.07.31-15.34.23:670][536]LogUObjectGlobals: Created PersistentFrame Addr=0x000002258b197c40, Size=80, Default__Landscape_Painting_Mode_C Function /Engine/Tutorial/Landscape/Landscape_Painting_Mode.Landscape_Painting_Mode_C:ExecuteUbergraph_Landscape_Painting_Mode
[2018.07.31-15.34.23:681][536]LogUObjectGlobals: Created PersistentFrame Addr=0x000002258b3ea740, Size=88, Default__Landscape_Sculpt_Mode_C Function /Engine/Tutorial/Landscape/Landscape_Sculpt_Mode.Landscape_Sculpt_Mode_C:ExecuteUbergraph_Landscape_Sculpt_Mode
[2018.07.31-15.34.23:684][536]LogUObjectGlobals: Destroyed PersistentFrame Addr=0x000002258b3ea740, Size=88
[2018.07.31-15.34.23:684][536]LogUObjectGlobals: Created PersistentFrame Addr=0x000002258b3ea740, Size=88, Default__Landscape_Sculpt_Mode_C Function /Engine/Transient.REINST_Landscape_Sculpt_Mode_C_11:ExecuteUbergraph_Landscape_Sculpt_Mode
[2018.07.31-15.34.23:686][536]LogUObjectGlobals: Created PersistentFrame Addr=0x000002258b10f510, Size=80, Default__Landscape_Sculpt_Mode_C Function /Engine/Tutorial/Landscape/Landscape_Sculpt_Mode.Landscape_Sculpt_Mode_C:ExecuteUbergraph_Landscape_Sculpt_Mode
[2018.07.31-15.34.23:700][536]LogUObjectGlobals: Created PersistentFrame Addr=0x000002258b1639c0, Size=64, Default__CreatingSigningCertAndProvisionTutorial_C Function /Engine/Tutorial/Mobile/CreatingSigningCertAndProvisionTutorial.CreatingSigningCertAndProvisionTutorial_C:ExecuteUbergraph_CreatingSigningCertAndProvisionTutorial
[2018.07.31-15.34.23:706][536]LogUObjectGlobals: Destroyed PersistentFrame Addr=0x000002258b1639c0, Size=64
[2018.07.31-15.34.23:706][536]LogUObjectGlobals: Created PersistentFrame Addr=0x000002258b162740, Size=64, Default__CreatingSigningCertAndProvisionTutorial_C Function /Engine/Transient.REINST_CreatingSigningCertAndProvisionTutorial_C_13:ExecuteUbergraph_CreatingSigningCertAndProvisionTutorial
[2018.07.31-15.34.23:709][536]LogUObjectGlobals: Created PersistentFrame Addr=0x000002258b1606c0, Size=64, Default__CreatingSigningCertAndProvisionTutorial_C Function /Engine/Tutorial/Mobile/CreatingSigningCertAndProvisionTutorial.CreatingSigningCertAndProvisionTutorial_C:ExecuteUbergraph_CreatingSigningCertAndProvisionTutorial
[2018.07.31-15.34.23:756][536]LogSlate: Window 'Tutorials' being destroyed
[2018.07.31-15.34.34:737][167]Cmd: OBJ SAVEPACKAGE PACKAGE="/Game/NewBlueprint" FILE="../../../../../../../SAE/ANM5100/MYGit_Testproject/Unreal/MyProject/Content/NewBlueprint.uasset" SILENT=true
[2018.07.31-15.34.34:769][167]LogSavePackage: Save=30.02ms
[2018.07.31-15.34.34:769][167]LogSavePackage: Moving '../../../../../../../SAE/ANM5100/MYGit_Testproject/Unreal/MyProject/Saved/NewBlueprint45DD81AA4A558063CB1972A8F94B12BC.tmp' to '../../../../../../../SAE/ANM5100/MYGit_Testproject/Unreal/MyProject/Content/NewBlueprint.uasset'
[2018.07.31-15.34.34:787][167]LogSavePackage: Display: Finished SavePackage ../../../../../../../SAE/ANM5100/MYGit_Testproject/Unreal/MyProject/Content/NewBlueprint.uasset
[2018.07.31-15.34.34:801][167]Cmd: OBJ SAVEPACKAGE PACKAGE="/Game/NewParticleSystem" FILE="../../../../../../../SAE/ANM5100/MYGit_Testproject/Unreal/MyProject/Content/NewParticleSystem.uasset" SILENT=true
[2018.07.31-15.34.34:817][167]LogSavePackage: Save=15.00ms
[2018.07.31-15.34.34:817][167]LogSavePackage: Moving '../../../../../../../SAE/ANM5100/MYGit_Testproject/Unreal/MyProject/Saved/NewParticleSystem522707B84FBF94C91BBBA29EE5979D9B.tmp' to '../../../../../../../SAE/ANM5100/MYGit_Testproject/Unreal/MyProject/Content/NewParticleSystem.uasset'
[2018.07.31-15.34.34:818][167]LogSavePackage: Display: Finished SavePackage ../../../../../../../SAE/ANM5100/MYGit_Testproject/Unreal/MyProject/Content/NewParticleSystem.uasset
[2018.07.31-15.34.34:876][167]Cmd: OBJ SAVEPACKAGE PACKAGE="/Game/NewWorld" FILE="../../../../../../../SAE/ANM5100/MYGit_Testproject/Unreal/MyProject/Content/NewWorld.umap" SILENT=true AUTOSAVING=false KEEPDIRTY=false
[2018.07.31-15.34.34:888][167]LogUObjectGlobals: Destroyed PersistentFrame Addr=0x000002258b162740, Size=64
[2018.07.31-15.34.34:888][167]LogUObjectGlobals: Destroyed PersistentFrame Addr=0x000002258b3ea740, Size=88
[2018.07.31-15.34.34:888][167]LogUObjectGlobals: Destroyed PersistentFrame Addr=0x00000225f272b6a0, Size=88
[2018.07.31-15.34.34:892][167]LogSavePackage: Save=3.08ms
[2018.07.31-15.34.34:892][167]LogSavePackage: Moving '../../../../../../../SAE/ANM5100/MYGit_Testproject/Unreal/MyProject/Saved/NewWorld2B12E38A4965336AE8E5C18FF839C09E.tmp' to '../../../../../../../SAE/ANM5100/MYGit_Testproject/Unreal/MyProject/Content/NewWorld.umap'
[2018.07.31-15.34.34:893][167]LogSavePackage: Display: Finished SavePackage ../../../../../../../SAE/ANM5100/MYGit_Testproject/Unreal/MyProject/Content/NewWorld.umap
[2018.07.31-15.34.34:903][167]LogFileHelpers: Saving map 'NewWorld' took 0.078
